2024-11-19 19:10:55.896 GMT [49]     LOG:  00000: starting PostgreSQL 17.1 (Debian 17.1-1.pgdg120+1) on x86_64-pc-linux-gnu, compiled by gcc (Debian 12.2.0-14) 12.2.0, 64-bit
2024-11-19 19:10:55.896 GMT [49]     LOCATION:  PostmasterMain, postmaster.c:1080
2024-11-19 19:10:55.986 GMT [49]     LOG:  00000: listening on Unix socket "/var/run/postgresql/.s.PGSQL.5432"
2024-11-19 19:10:55.986 GMT [49]     LOCATION:  ListenServerPort, pqcomm.c:657
2024-11-19 19:10:56.227 GMT [53]     LOG:  00000: database system was shut down at 2024-11-19 19:09:47 GMT
2024-11-19 19:10:56.227 GMT [53]     LOCATION:  StartupXLOG, xlog.c:5445
2024-11-19 19:10:56.399 GMT [49]     LOG:  00000: database system is ready to accept connections
2024-11-19 19:10:56.399 GMT [49]     LOCATION:  process_pm_child_exit, postmaster.c:2483
2024-11-19 19:10:59.421 GMT [59] postgres postgres psql [local] LOG:  00000: statement: SELECT 1 FROM pg_database WHERE datname = 'usuarios_db' ;
2024-11-19 19:10:59.421 GMT [59] postgres postgres psql [local] LOCATION:  exec_simple_query, postgres.c:1075
2024-11-19 19:10:59.466 GMT [59] postgres postgres psql [local] LOG:  00000: AUDIT: SESSION,1,1,READ,SELECT,,,SELECT 1 FROM pg_database WHERE datname = 'usuarios_db',<not logged>
2024-11-19 19:10:59.466 GMT [59] postgres postgres psql [local] LOCATION:  log_audit_event, pgaudit.c:875
2024-11-19 19:10:59.468 GMT [59] postgres postgres psql [local] LOG:  00000: duration: 46.846 ms
2024-11-19 19:10:59.468 GMT [59] postgres postgres psql [local] LOCATION:  exec_simple_query, postgres.c:1368
2024-11-19 19:10:59.568 GMT [61] postgres postgres psql [local] LOG:  00000: statement: CREATE DATABASE "usuarios_db" ;
2024-11-19 19:10:59.568 GMT [61] postgres postgres psql [local] LOCATION:  exec_simple_query, postgres.c:1075
2024-11-19 19:11:03.602 GMT [61] postgres postgres psql [local] LOG:  00000: AUDIT: SESSION,1,1,DDL,CREATE DATABASE,,,"CREATE DATABASE ""usuarios_db""",<not logged>
2024-11-19 19:11:03.602 GMT [61] postgres postgres psql [local] LOCATION:  log_audit_event, pgaudit.c:875
2024-11-19 19:11:04.004 GMT [61] postgres postgres psql [local] LOG:  00000: duration: 4436.270 ms
2024-11-19 19:11:04.004 GMT [61] postgres postgres psql [local] LOCATION:  exec_simple_query, postgres.c:1368
2024-11-19 19:11:04.017 GMT [49]     LOG:  00000: received fast shutdown request
2024-11-19 19:11:04.017 GMT [49]     LOCATION:  process_pm_shutdown_request, postmaster.c:2273
2024-11-19 19:11:04.098 GMT [49]     LOG:  00000: aborting any active transactions
2024-11-19 19:11:04.098 GMT [49]     LOCATION:  process_pm_shutdown_request, postmaster.c:2291
2024-11-19 19:11:04.102 GMT [49]     LOG:  00000: background worker "logical replication launcher" (PID 56) exited with exit code 1
2024-11-19 19:11:04.102 GMT [49]     LOCATION:  LogChildExit, postmaster.c:3076
2024-11-19 19:11:04.103 GMT [51]     LOG:  00000: shutting down
2024-11-19 19:11:04.103 GMT [51]     LOCATION:  ShutdownXLOG, xlog.c:6611
2024-11-19 19:11:04.169 GMT [51]     LOG:  00000: checkpoint starting: shutdown immediate
2024-11-19 19:11:04.169 GMT [51]     LOCATION:  LogCheckpointStart, xlog.c:6661
2024-11-19 19:11:22.070 GMT [51]     LOG:  00000: checkpoint complete: wrote 921 buffers (5.6%); 0 WAL file(s) added, 0 removed, 0 recycled; write=1.797 s, sync=15.534 s, total=17.967 s; sync files=301, longest=0.297 s, average=0.052 s; distance=4238 kB, estimate=4238 kB; lsn=0/1908980, redo lsn=0/1908980
2024-11-19 19:11:22.070 GMT [51]     LOCATION:  LogCheckpointEnd, xlog.c:6750
2024-11-19 19:11:22.226 GMT [49]     LOG:  00000: database system is shut down
2024-11-19 19:11:22.226 GMT [49]     LOCATION:  UnlinkLockFiles, miscinit.c:1171
