2024-11-19 19:11:23.409 GMT [1]     LOG:  00000: starting PostgreSQL 17.1 (Debian 17.1-1.pgdg120+1) on x86_64-pc-linux-gnu, compiled by gcc (Debian 12.2.0-14) 12.2.0, 64-bit
2024-11-19 19:11:23.409 GMT [1]     LOCATION:  PostmasterMain, postmaster.c:1080
2024-11-19 19:11:23.409 GMT [1]     LOG:  00000: listening on IPv4 address "0.0.0.0", port 5432
2024-11-19 19:11:23.409 GMT [1]     LOCATION:  ListenServerPort, pqcomm.c:661
2024-11-19 19:11:23.409 GMT [1]     LOG:  00000: listening on IPv6 address "::", port 5432
2024-11-19 19:11:23.409 GMT [1]     LOCATION:  ListenServerPort, pqcomm.c:661
2024-11-19 19:11:23.573 GMT [1]     LOG:  00000: listening on Unix socket "/var/run/postgresql/.s.PGSQL.5432"
2024-11-19 19:11:23.573 GMT [1]     LOCATION:  ListenServerPort, pqcomm.c:657
2024-11-19 19:11:23.735 GMT [68]     LOG:  00000: database system was shut down at 2024-11-19 19:11:22 GMT
2024-11-19 19:11:23.735 GMT [68]     LOCATION:  StartupXLOG, xlog.c:5445
2024-11-19 19:11:23.858 GMT [1]     LOG:  00000: database system is ready to accept connections
2024-11-19 19:11:23.858 GMT [1]     LOCATION:  process_pm_child_exit, postmaster.c:2483
2024-11-19 19:12:43.862 GMT [74] productos_db postgres [unknown] 172.18.0.3 ERROR:  42P01: relation "public.Producto" does not exist at character 165
2024-11-19 19:12:43.862 GMT [74] productos_db postgres [unknown] 172.18.0.3 LOCATION:  parserOpenTable, parse_relation.c:1428
2024-11-19 19:12:43.862 GMT [74] productos_db postgres [unknown] 172.18.0.3 STATEMENT:  SELECT "public"."Producto"."id", "public"."Producto"."nombre", "public"."Producto"."descripcion", "public"."Producto"."precio", "public"."Producto"."cantidad" FROM "public"."Producto" WHERE 1=1 OFFSET $1
2024-11-19 19:16:23.747 GMT [66]     LOG:  00000: checkpoint starting: time
2024-11-19 19:16:23.747 GMT [66]     LOCATION:  LogCheckpointStart, xlog.c:6661
2024-11-19 19:16:33.121 GMT [66]     LOG:  00000: checkpoint complete: wrote 21 buffers (0.1%); 0 WAL file(s) added, 0 removed, 0 recycled; write=2.496 s, sync=3.524 s, total=9.374 s; sync files=11, longest=0.558 s, average=0.321 s; distance=49 kB, estimate=49 kB; lsn=0/1914F58, redo lsn=0/1914EC8
2024-11-19 19:16:33.121 GMT [66]     LOCATION:  LogCheckpointEnd, xlog.c:6750
2024-11-19 19:21:50.202 GMT [1]     LOG:  00000: received fast shutdown request
2024-11-19 19:21:50.202 GMT [1]     LOCATION:  process_pm_shutdown_request, postmaster.c:2273
2024-11-19 19:21:50.403 GMT [1]     LOG:  00000: aborting any active transactions
2024-11-19 19:21:50.403 GMT [1]     LOCATION:  process_pm_shutdown_request, postmaster.c:2291
2024-11-19 19:21:50.408 GMT [1]     LOG:  00000: background worker "logical replication launcher" (PID 71) exited with exit code 1
2024-11-19 19:21:50.408 GMT [1]     LOCATION:  LogChildExit, postmaster.c:3076
2024-11-19 19:21:50.410 GMT [66]     LOG:  00000: shutting down
2024-11-19 19:21:50.410 GMT [66]     LOCATION:  ShutdownXLOG, xlog.c:6611
2024-11-19 19:21:50.522 GMT [66]     LOG:  00000: checkpoint starting: shutdown immediate
2024-11-19 19:21:50.522 GMT [66]     LOCATION:  LogCheckpointStart, xlog.c:6661
2024-11-19 19:21:51.633 GMT [66]     LOG:  00000: checkpoint complete: wrote 0 buffers (0.0%); 0 WAL file(s) added, 0 removed, 0 recycled; write=0.017 s, sync=0.001 s, total=1.223 s; sync files=0, longest=0.000 s, average=0.000 s; distance=0 kB, estimate=44 kB; lsn=0/1915008, redo lsn=0/1915008
2024-11-19 19:21:51.633 GMT [66]     LOCATION:  LogCheckpointEnd, xlog.c:6750
2024-11-19 19:21:52.172 GMT [1]     LOG:  00000: database system is shut down
2024-11-19 19:21:52.172 GMT [1]     LOCATION:  UnlinkLockFiles, miscinit.c:1171
