2024-11-19 19:10:56.021 GMT [50]     LOG:  00000: starting PostgreSQL 17.1 (Debian 17.1-1.pgdg120+1) on x86_64-pc-linux-gnu, compiled by gcc (Debian 12.2.0-14) 12.2.0, 64-bit
2024-11-19 19:10:56.021 GMT [50]     LOCATION:  PostmasterMain, postmaster.c:1080
2024-11-19 19:10:56.117 GMT [50]     LOG:  00000: listening on Unix socket "/var/run/postgresql/.s.PGSQL.5432"
2024-11-19 19:10:56.117 GMT [50]     LOCATION:  ListenServerPort, pqcomm.c:657
2024-11-19 19:10:56.454 GMT [54]     LOG:  00000: database system was shut down at 2024-11-19 19:09:47 GMT
2024-11-19 19:10:56.454 GMT [54]     LOCATION:  StartupXLOG, xlog.c:5445
2024-11-19 19:10:56.635 GMT [50]     LOG:  00000: database system is ready to accept connections
2024-11-19 19:10:56.635 GMT [50]     LOCATION:  process_pm_child_exit, postmaster.c:2483
2024-11-19 19:10:59.420 GMT [60] postgres postgres psql [local] LOG:  00000: statement: SELECT 1 FROM pg_database WHERE datname = 'productos_db' ;
2024-11-19 19:10:59.420 GMT [60] postgres postgres psql [local] LOCATION:  exec_simple_query, postgres.c:1075
2024-11-19 19:10:59.466 GMT [60] postgres postgres psql [local] LOG:  00000: AUDIT: SESSION,1,1,READ,SELECT,,,SELECT 1 FROM pg_database WHERE datname = 'productos_db',<not logged>
2024-11-19 19:10:59.466 GMT [60] postgres postgres psql [local] LOCATION:  log_audit_event, pgaudit.c:875
2024-11-19 19:10:59.469 GMT [60] postgres postgres psql [local] LOG:  00000: duration: 48.720 ms
2024-11-19 19:10:59.469 GMT [60] postgres postgres psql [local] LOCATION:  exec_simple_query, postgres.c:1368
2024-11-19 19:10:59.567 GMT [62] postgres postgres psql [local] LOG:  00000: statement: CREATE DATABASE "productos_db" ;
2024-11-19 19:10:59.567 GMT [62] postgres postgres psql [local] LOCATION:  exec_simple_query, postgres.c:1075
2024-11-19 19:11:04.032 GMT [62] postgres postgres psql [local] LOG:  00000: AUDIT: SESSION,1,1,DDL,CREATE DATABASE,,,"CREATE DATABASE ""productos_db""",<not logged>
2024-11-19 19:11:04.032 GMT [62] postgres postgres psql [local] LOCATION:  log_audit_event, pgaudit.c:875
2024-11-19 19:11:04.408 GMT [62] postgres postgres psql [local] LOG:  00000: duration: 4841.070 ms
2024-11-19 19:11:04.408 GMT [62] postgres postgres psql [local] LOCATION:  exec_simple_query, postgres.c:1368
2024-11-19 19:11:04.420 GMT [50]     LOG:  00000: received fast shutdown request
2024-11-19 19:11:04.420 GMT [50]     LOCATION:  process_pm_shutdown_request, postmaster.c:2273
2024-11-19 19:11:04.683 GMT [50]     LOG:  00000: aborting any active transactions
2024-11-19 19:11:04.683 GMT [50]     LOCATION:  process_pm_shutdown_request, postmaster.c:2291
2024-11-19 19:11:04.686 GMT [50]     LOG:  00000: background worker "logical replication launcher" (PID 57) exited with exit code 1
2024-11-19 19:11:04.686 GMT [50]     LOCATION:  LogChildExit, postmaster.c:3076
2024-11-19 19:11:04.687 GMT [52]     LOG:  00000: shutting down
2024-11-19 19:11:04.687 GMT [52]     LOCATION:  ShutdownXLOG, xlog.c:6611
2024-11-19 19:11:05.074 GMT [52]     LOG:  00000: checkpoint starting: shutdown immediate
2024-11-19 19:11:05.074 GMT [52]     LOCATION:  LogCheckpointStart, xlog.c:6661
2024-11-19 19:11:22.804 GMT [52]     LOG:  00000: checkpoint complete: wrote 921 buffers (5.6%); 0 WAL file(s) added, 0 removed, 0 recycled; write=0.839 s, sync=15.483 s, total=18.118 s; sync files=301, longest=0.286 s, average=0.052 s; distance=4238 kB, estimate=4238 kB; lsn=0/1908980, redo lsn=0/1908980
2024-11-19 19:11:22.804 GMT [52]     LOCATION:  LogCheckpointEnd, xlog.c:6750
2024-11-19 19:11:22.950 GMT [50]     LOG:  00000: database system is shut down
2024-11-19 19:11:22.950 GMT [50]     LOCATION:  UnlinkLockFiles, miscinit.c:1171
